2020-06-16 18:41:14,851 [Thread-1    ] [INFO ] [views.py|user_login ]  User: admin has logged in!
2020-06-16 18:44:50,138 [Thread-1    ] [INFO ] [views.py|user_login ]  User: admin has logged in!
2020-06-17 11:48:21,000 [Thread-1    ] [INFO ] [views.py|user_login ]  User: admin has logged in!
2020-06-22 14:26:15,475 [Thread-2    ] [INFO ] [views.py|user_login ]  User: thomas has logged in!
2020-06-22 14:56:36,484 [Thread-1    ] [INFO ] [views.py|user_login ]  User: thomas has logged in!
2020-06-22 15:00:12,856 [MainThread  ] [INFO ] [django.utils.autorel]  /home/thomas/repos/passport_project/schedules/views.py changed, reloading.
2020-06-22 15:00:38,234 [MainThread  ] [INFO ] [django.utils.autorel]  /home/thomas/repos/passport_project/schedules/views.py changed, reloading.
2020-06-22 15:01:16,975 [MainThread  ] [INFO ] [django.utils.autorel]  /home/thomas/repos/passport_project/schedules/views.py changed, reloading.
2020-06-22 15:09:05,759 [MainThread  ] [INFO ] [django.utils.autorel]  /home/thomas/repos/passport_project/schedules/views.py changed, reloading.
2020-06-22 15:09:44,216 [MainThread  ] [INFO ] [django.utils.autorel]  /home/thomas/repos/passport_project/schedules/views.py changed, reloading.
2020-06-22 15:09:50,714 [Thread-1    ] [INFO ] [views.py|user_login ]  User: thomas has logged in!
2020-06-22 15:15:12,696 [MainThread  ] [INFO ] [django.utils.autorel]  /home/thomas/repos/passport_project/schedules/urls.py changed, reloading.
2020-06-22 15:15:30,757 [MainThread  ] [INFO ] [django.utils.autorel]  /home/thomas/repos/passport_project/schedules/views.py changed, reloading.
2020-06-22 15:51:44,885 [MainThread  ] [INFO ] [django.utils.autorel]  /home/thomas/repos/passport_project/schedules/views.py changed, reloading.
2020-06-22 15:52:13,801 [MainThread  ] [INFO ] [django.utils.autorel]  /home/thomas/repos/passport_project/schedules/views.py changed, reloading.
2020-06-22 15:52:51,107 [Thread-1    ] [INFO ] [views.py|user_login ]  User: thomas has logged in!
2020-06-22 16:06:41,455 [Thread-13   ] [INFO ] [views.py|user_login|]  User: thomas has logged in!
2020-06-23 15:59:38,736 [Thread-28   ] [INFO ] [views.py|user_login|]  User: thomas has logged in!
2020-06-23 16:01:23,160 [MainThread  ] [INFO ] [django.utils.autorel]  /home/thomas/repos/passport_project/schedules/views.py changed, reloading.
2020-06-23 16:51:15,075 [MainThread  ] [INFO ] [django.utils.autorel]  /home/thomas/repos/passport_project/schedules/views.py changed, reloading.
2020-06-23 16:52:35,704 [MainThread  ] [INFO ] [django.utils.autorel]  /home/thomas/repos/passport_project/schedules/views.py changed, reloading.
2020-06-23 17:41:27,333 [Thread-16   ] [INFO ] [views.py|user_login ]  User: thomas has logged in!
2020-06-23 18:09:11,741 [Thread-1    ] [INFO ] [views.py|user_login ]  User: admin has logged in!
2020-06-23 18:16:45,123 [Thread-9    ] [INFO ] [views.py|user_login|]  User: thomas has logged in!
2020-06-24 17:31:29,147 [MainThread  ] [INFO ] [django.utils.autorel]  /home/thomas/repos/passport_project/schedules/views.py changed, reloading.
2020-06-24 17:32:14,416 [MainThread  ] [INFO ] [django.utils.autorel]  /home/thomas/repos/passport_project/schedules/views.py changed, reloading.
2020-06-24 17:35:06,522 [MainThread  ] [INFO ] [django.utils.autorel]  /home/thomas/repos/passport_project/schedules/views.py changed, reloading.
2020-06-24 17:35:17,318 [MainThread  ] [INFO ] [django.utils.autorel]  /home/thomas/repos/passport_project/schedules/views.py changed, reloading.
2020-06-24 17:44:15,981 [MainThread  ] [INFO ] [django.utils.autorel]  /home/thomas/repos/passport_project/schedules/views.py changed, reloading.
2020-06-24 17:49:04,777 [MainThread  ] [INFO ] [django.utils.autorel]  /home/thomas/repos/passport_project/schedules/models.py changed, reloading.
2020-06-24 17:50:00,525 [MainThread  ] [INFO ] [django.utils.autorel]  /home/thomas/repos/passport_project/schedules/views.py changed, reloading.
2020-06-24 17:50:28,079 [MainThread  ] [INFO ] [django.utils.autorel]  /home/thomas/repos/passport_project/schedules/views.py changed, reloading.
2020-06-24 17:51:02,777 [MainThread  ] [INFO ] [django.utils.autorel]  /home/thomas/repos/passport_project/schedules/tables.py changed, reloading.
2020-06-24 18:02:23,714 [MainThread  ] [INFO ] [django.utils.autorel]  /home/thomas/repos/passport_project/schedules/tables.py changed, reloading.
2020-06-24 19:01:03,035 [MainThread  ] [INFO ] [django.utils.autorel]  /home/thomas/repos/passport_project/schedules/tables.py changed, reloading.
2020-06-24 19:02:06,749 [MainThread  ] [INFO ] [django.utils.autorel]  /home/thomas/repos/passport_project/schedules/tables.py changed, reloading.
2020-06-24 19:02:14,314 [MainThread  ] [INFO ] [django.utils.autorel]  /home/thomas/repos/passport_project/schedules/tables.py changed, reloading.
2020-06-24 19:02:46,968 [MainThread  ] [INFO ] [django.utils.autorel]  /home/thomas/repos/passport_project/schedules/tables.py changed, reloading.
2020-06-24 19:04:54,786 [MainThread  ] [INFO ] [django.utils.autorel]  /home/thomas/repos/passport_project/schedules/tables.py changed, reloading.
2020-06-24 19:05:04,470 [MainThread  ] [INFO ] [django.utils.autorel]  /home/thomas/repos/passport_project/schedules/tables.py changed, reloading.
2020-06-24 19:05:26,594 [MainThread  ] [INFO ] [django.utils.autorel]  /home/thomas/repos/passport_project/schedules/tables.py changed, reloading.
2020-06-24 19:06:40,687 [MainThread  ] [INFO ] [django.utils.autorel]  /home/thomas/repos/passport_project/schedules/tables.py changed, reloading.
2020-06-24 19:30:15,375 [MainThread  ] [INFO ] [django.utils.autorel]  /home/thomas/repos/passport_project/schedules/tables.py changed, reloading.
2020-06-24 19:34:24,436 [MainThread  ] [INFO ] [django.utils.autorel]  /home/thomas/repos/passport_project/schedules/tables.py changed, reloading.
2020-06-25 17:09:54,943 [Thread-1    ] [INFO ] [views.py|user_login ]  User: thomas has logged in!
2020-06-25 17:59:08,420 [MainThread  ] [INFO ] [django.utils.autorel]  /home/thomas/repos/passport_project/schedules/views.py changed, reloading.
2020-06-25 17:59:36,369 [Thread-1    ] [INFO ] [views.py|user_login ]  User: thomas has logged in!
2020-06-26 17:12:35,686 [Thread-4    ] [INFO ] [views.py|user_login ]  User: thomas has logged in!
2020-06-26 19:35:30,561 [Thread-13   ] [INFO ] [views.py|user_login ]  User: thomas has logged in!
2020-06-26 20:35:28,367 [MainThread  ] [INFO ] [django.utils.autorel]  /home/thomas/repos/passport_project/schedules/views.py changed, reloading.
2020-06-26 20:35:59,756 [MainThread  ] [INFO ] [django.utils.autorel]  /home/thomas/repos/passport_project/schedules/views.py changed, reloading.
2020-06-26 20:36:27,231 [MainThread  ] [INFO ] [django.utils.autorel]  /home/thomas/repos/passport_project/schedules/views.py changed, reloading.
2020-06-26 20:52:48,733 [MainThread  ] [INFO ] [django.utils.autorel]  /home/thomas/repos/passport_project/schedules/views.py changed, reloading.
2020-06-26 21:07:48,969 [MainThread  ] [INFO ] [django.utils.autorel]  /home/thomas/repos/passport_project/schedules/views.py changed, reloading.
2020-06-26 21:13:35,349 [MainThread  ] [INFO ] [django.utils.autorel]  /home/thomas/repos/passport_project/schedules/views.py changed, reloading.
2020-06-27 02:31:09,056 [MainThread  ] [INFO ] [django.utils.autorel]  /home/thomas/repos/passport_project/schedules/views.py changed, reloading.
2020-06-27 02:31:17,078 [Thread-1    ] [INFO ] [views.py|user_login ]  User: thomas has logged in!
2020-07-07 21:17:58,725 [Thread-1    ] [INFO ] [views.py|user_login ]  User: thomas has logged in!
2020-07-08 14:22:35,314 [Thread-7    ] [INFO ] [views.py|user_login ]  User: naseus has logged in!
2020-07-08 14:28:03,449 [Thread-4    ] [INFO ] [views.py|user_login ]  User: thomas has logged in!
2020-07-08 14:31:44,065 [Thread-10   ] [INFO ] [views.py|user_login|]  User: admin has logged in!
2020-07-08 14:34:08,154 [Thread-2    ] [INFO ] [views.py|user_login ]  User: thomas has logged in!
2020-07-08 15:37:56,560 [Thread-1    ] [INFO ] [views.py|user_login ]  User: thomas has logged in!
2020-07-08 15:38:16,771 [Thread-1    ] [INFO ] [views.py|user_login|]  User: thomas has logged in!
2020-07-08 16:02:45,900 [Thread-1    ] [INFO ] [views.py|user_login ]  User: thomas has logged in!
2020-07-08 16:10:41,522 [Thread-2    ] [INFO ] [views.py|user_login ]  User: thomas has logged in!
2020-07-09 22:02:49,347 [MainThread  ] [INFO ] [django.utils.autorel]  /home/thomas/repos/passport_project/schedules/views.py changed, reloading.
2020-07-09 22:03:41,795 [MainThread  ] [INFO ] [django.utils.autorel]  /home/thomas/repos/passport_project/schedules/views.py changed, reloading.
2020-07-09 22:06:13,644 [MainThread  ] [INFO ] [django.utils.autorel]  /home/thomas/repos/passport_project/schedules/views.py changed, reloading.
2020-07-09 22:08:40,936 [MainThread  ] [INFO ] [django.utils.autorel]  /home/thomas/repos/passport_project/schedules/views.py changed, reloading.
2020-07-11 03:14:06,545 [MainThread  ] [INFO ] [django.utils.autorel]  /home/thomas/repos/passport_project/schedules/views.py changed, reloading.
2020-07-31 14:34:29,004 [MainThread  ] [INFO ] [django.utils.autorel]  /home/thomas/repos/passport_project/schedules/views.py changed, reloading.
2020-07-31 14:35:02,632 [MainThread  ] [INFO ] [django.utils.autorel]  /home/thomas/repos/passport_project/schedules/views.py changed, reloading.
2020-07-31 14:37:41,628 [MainThread  ] [INFO ] [django.utils.autorel]  /home/thomas/repos/passport_project/billing/migrations/0001_initial.py changed, reloading.
